2024-07-28 17:45:07 - Выполнилась функция 'stub_write_recipe' со следующими аргументами: args=(), kwargs={'signature_name': 'Иванов Иван Иванович', 'signature_speciality': 'Врач-хирург'}
2024-07-28 17:45:07 - Выполнилась функция 'stub_add_to_schedule' со следующими аргументами: args=('2024-02-13', '13:00'), kwargs={}
2024-07-28 17:45:07 - <class 'TypeError'>
Traceback (most recent call last):
  File "C:\Users\user\school_21\sechenovka\gitlab\project_14_decorators\tests\solutions\task_bonus_2.py", line 16, in wrapper
    result = func(*args, **kwargs)
             ^^^^^^^^^^^^^^^^^^^^^
TypeError: stub_add_to_schedule() missing 1 required positional argument: 'time_'
2024-07-28 17:45:07 - <class 'TypeError'>
Traceback (most recent call last):
  File "C:\Users\user\school_21\sechenovka\gitlab\project_14_decorators\tests\solutions\task_bonus_2.py", line 16, in wrapper
    result = func(*args, **kwargs)
             ^^^^^^^^^^^^^^^^^^^^^
TypeError: stub_add_to_schedule() got an unexpected keyword argument 'room'
